[preview.colorlib.com/theme/sogo/index.html]
[backblue.gif]
[fade.gif]
[index.html]
[preview.colorlib.com/theme/sogo/css/bootstrap.min.css]
[preview.colorlib.com/theme/sogo/css/animate.css]
[preview.colorlib.com/theme/sogo/css/owl.carousel.min.css]
[preview.colorlib.com/theme/sogo/css/aos.css]
[preview.colorlib.com/theme/sogo/css/bootstrap-datepicker.css]
[preview.colorlib.com/theme/sogo/css/jquery.timepicker.css]
[preview.colorlib.com/theme/sogo/css/fancybox.min.css]
[preview.colorlib.com/theme/sogo/fonts/ionicons/css/ionicons.min.css]
[preview.colorlib.com/theme/sogo/fonts/fontawesome/css/font-awesome.min.css]
[preview.colorlib.com/theme/sogo/css/style.css]
[preview.colorlib.com/theme/sogo/index-2.html]
[preview.colorlib.com/theme/sogo/rooms.html]
[preview.colorlib.com/theme/sogo/about.html]
[preview.colorlib.com/theme/sogo/events.html]
[preview.colorlib.com/theme/sogo/contact.html]
[preview.colorlib.com/theme/sogo/reservation.html]
[preview.colorlib.com/theme/sogo/images/hero_4.jpg]
[preview.colorlib.com/theme/sogo/images/food-1.jpg]
[preview.colorlib.com/theme/sogo/images/img_1.jpg]
[preview.colorlib.com/theme/sogo/images/img_2.jpg]
[preview.colorlib.com/theme/sogo/images/img_3.jpg]
[preview.colorlib.com/theme/sogo/images/slider-1.jpg]
[preview.colorlib.com/theme/sogo/images/slider-2.jpg]
[preview.colorlib.com/theme/sogo/images/slider-3.jpg]
[preview.colorlib.com/theme/sogo/images/slider-4.jpg]
[preview.colorlib.com/theme/sogo/images/slider-5.jpg]
[preview.colorlib.com/theme/sogo/images/slider-6.jpg]
[preview.colorlib.com/theme/sogo/images/slider-7.jpg]
[preview.colorlib.com/theme/sogo/images/hero_3.jpg]
[preview.colorlib.com/theme/sogo/images/person_1.jpg]
[preview.colorlib.com/theme/sogo/images/person_2.jpg]
[preview.colorlib.com/theme/sogo/images/person_3.jpg]
[preview.colorlib.com/cdn-cgi/scripts/5c5dd728/cloudflare-static/email-decode.min.js]
[preview.colorlib.com/theme/sogo/js/jquery-3.3.1.min.js]
[preview.colorlib.com/theme/sogo/js/jquery-migrate-3.0.1.min.js]
[preview.colorlib.com/theme/sogo/js/popper.min.js]
[preview.colorlib.com/theme/sogo/js/bootstrap.min.js]
[preview.colorlib.com/theme/sogo/js/owl.carousel.min.js]
[preview.colorlib.com/theme/sogo/js/jquery.stellar.min.js]
[preview.colorlib.com/theme/sogo/js/jquery.fancybox.min.js]
[preview.colorlib.com/theme/sogo/js/aos.js]
[preview.colorlib.com/theme/sogo/js/bootstrap-datepicker.js]
[preview.colorlib.com/theme/sogo/js/jquery.timepicker.min.js]
[preview.colorlib.com/theme/sogo/index.html]
[preview.colorlib.com/theme/sogo/css/bootstrap.min.css]
[preview.colorlib.com/theme/sogo/css/animate.css]
[preview.colorlib.com/theme/sogo/js/main.js]
[preview.colorlib.com/theme/sogo/css/owl.video.play.png]
[preview.colorlib.com/theme/sogo/css/owl.carousel.min.css]
[preview.colorlib.com/theme/sogo/css/aos.css]
[preview.colorlib.com/theme/sogo/css/bootstrap-datepicker.css]
[preview.colorlib.com/theme/sogo/css/jquery.timepicker.css]
[preview.colorlib.com/theme/sogo/css/fancybox.min.css]
[preview.colorlib.com/theme/sogo/fonts/ionicons/fonts/ionicons28b5.eot]
[preview.colorlib.com/theme/sogo/fonts/ionicons/fonts/ionicons28b5.woff]
[preview.colorlib.com/theme/sogo/fonts/ionicons/fonts/ionicons28b5.ttf]
[preview.colorlib.com/theme/sogo/fonts/ionicons/css/ionicons.min.css]
[preview.colorlib.com/theme/sogo/fonts/ionicons/fonts/ionicons28b5.svg]
[preview.colorlib.com/theme/sogo/fonts/fontawesome/fonts/fontawesome-webfont3e6e.woff2]
[preview.colorlib.com/theme/sogo/fonts/fontawesome/fonts/fontawesome-webfont3e6e.eot]
[preview.colorlib.com/theme/sogo/fonts/fontawesome/fonts/fontawesome-webfontd41d.eot]
[preview.colorlib.com/theme/sogo/fonts/fontawesome/fonts/fontawesome-webfont3e6e.woff]
[preview.colorlib.com/theme/sogo/fonts/fontawesome/css/font-awesome.min.css]
[preview.colorlib.com/theme/sogo/img/round.png]
[preview.colorlib.com/theme/sogo/css/style.css]
[preview.colorlib.com/theme/sogo/index-2.html]
[preview.colorlib.com/theme/sogo/rooms.html]
[preview.colorlib.com/theme/sogo/about.html]
[preview.colorlib.com/theme/sogo/fonts/fontawesome/fonts/fontawesome-webfont3e6e.svg]
[preview.colorlib.com/theme/sogo/fonts/fontawesome/fonts/fontawesome-webfont3e6e.ttf]
[preview.colorlib.com/theme/sogo/images/img_4.jpg]
[preview.colorlib.com/theme/sogo/events.html]
[preview.colorlib.com/theme/sogo/contact.html]
[preview.colorlib.com/theme/sogo/reservation.html]
[preview.colorlib.com/theme/sogo/css/owl.video.play.html]
[preview.colorlib.com/theme/sogo/fonts/ionicons/fonts/ionicons28b5.svg]
[preview.colorlib.com/theme/sogo/fonts/fontawesome/fonts/fontawesome-webfont3e6e.svg]
[preview.colorlib.com/theme/sogo/img/round.html]
